Performing C SOURCE FILE Test CMAKE_HAVE_LIBC_PTHREAD failed with the following output:
Change Dir: /home/ubuntu/HoverCar_ws_cm/src/hovercar_odom/build_cb/CMakeFiles/CMakeTmp

Run Build Command(s):/usr/bin/make cmTC_4a1c5/fast && /usr/bin/make -f CMakeFiles/cmTC_4a1c5.dir/build.make CMakeFiles/cmTC_4a1c5.dir/build
make[1]: Verzeichnis „/home/ubuntu/HoverCar_ws_cm/src/hovercar_odom/build_cb/CMakeFiles/CMakeTmp“ wird betreten
Building C object CMakeFiles/cmTC_4a1c5.dir/src.c.o
/usr/bin/cc   -DCMAKE_HAVE_LIBC_PTHREAD   -o CMakeFiles/cmTC_4a1c5.dir/src.c.o   -c /home/ubuntu/HoverCar_ws_cm/src/hovercar_odom/build_cb/CMakeFiles/CMakeTmp/src.c
Linking C executable cmTC_4a1c5
/usr/bin/cmake -E cmake_link_script CMakeFiles/cmTC_4a1c5.dir/link.txt --verbose=1
/usr/bin/cc  -DCMAKE_HAVE_LIBC_PTHREAD    -rdynamic CMakeFiles/cmTC_4a1c5.dir/src.c.o  -o cmTC_4a1c5 
/usr/bin/ld: CMakeFiles/cmTC_4a1c5.dir/src.c.o: in function `main':
src.c:(.text+0x48): undefined reference to `pthread_create'
/usr/bin/ld: src.c:(.text+0x50): undefined reference to `pthread_detach'
/usr/bin/ld: src.c:(.text+0x5c): undefined reference to `pthread_join'
collect2: error: ld returned 1 exit status
make[1]: *** [CMakeFiles/cmTC_4a1c5.dir/build.make:87: cmTC_4a1c5] Fehler 1
make[1]: Verzeichnis „/home/ubuntu/HoverCar_ws_cm/src/hovercar_odom/build_cb/CMakeFiles/CMakeTmp“ wird verlassen
make: *** [Makefile:121: cmTC_4a1c5/fast] Fehler 2


Source file was:
#include <pthread.h>

void* test_func(void* data)
{
  return data;
}

int main(void)
{
  pthread_t thread;
  pthread_create(&thread, NULL, test_func, NULL);
  pthread_detach(thread);
  pthread_join(thread, NULL);
  pthread_atfork(NULL, NULL, NULL);
  pthread_exit(NULL);

  return 0;
}

Determining if the function pthread_create exists in the pthreads failed with the following output:
Change Dir: /home/ubuntu/HoverCar_ws_cm/src/hovercar_odom/build_cb/CMakeFiles/CMakeTmp

Run Build Command(s):/usr/bin/make cmTC_f9a8b/fast && /usr/bin/make -f CMakeFiles/cmTC_f9a8b.dir/build.make CMakeFiles/cmTC_f9a8b.dir/build
make[1]: Verzeichnis „/home/ubuntu/HoverCar_ws_cm/src/hovercar_odom/build_cb/CMakeFiles/CMakeTmp“ wird betreten
Building C object CMakeFiles/cmTC_f9a8b.dir/CheckFunctionExists.c.o
/usr/bin/cc   -DCHECK_FUNCTION_EXISTS=pthread_create   -o CMakeFiles/cmTC_f9a8b.dir/CheckFunctionExists.c.o   -c /usr/share/cmake-3.16/Modules/CheckFunctionExists.c
Linking C executable cmTC_f9a8b
/usr/bin/cmake -E cmake_link_script CMakeFiles/cmTC_f9a8b.dir/link.txt --verbose=1
/usr/bin/cc  -DCHECK_FUNCTION_EXISTS=pthread_create    -rdynamic CMakeFiles/cmTC_f9a8b.dir/CheckFunctionExists.c.o  -o cmTC_f9a8b  -lpthreads 
/usr/bin/ld: -lpthreads kann nicht gefunden werden
collect2: error: ld returned 1 exit status
make[1]: *** [CMakeFiles/cmTC_f9a8b.dir/build.make:87: cmTC_f9a8b] Fehler 1
make[1]: Verzeichnis „/home/ubuntu/HoverCar_ws_cm/src/hovercar_odom/build_cb/CMakeFiles/CMakeTmp“ wird verlassen
make: *** [Makefile:121: cmTC_f9a8b/fast] Fehler 2



